app/build/intermediates/manifest_merge_blame_file/debug/processDebugMainManifest/manifest-merger-blame-debug-report.txt
1<?xml version="1.0" encoding="utf-8"?>
2<!--
3 Copyright (C) 2007 The Android Open Source Project
4
5     Licensed under the Apache License, Version 2.0 (the "License");
6     you may not use this file except in compliance with the License.
7     You may obtain a copy of the License at
8  
9          http://www.apache.org/licenses/LICENSE-2.0
10  
11     Unless required by applicable law or agreed to in writing, software
12     distributed under the License is distributed on an "AS IS" BASIS,
13     WITHOUT WARRANTIES OR CONDITIONS OF ANY KIND, either express or implied.
14     See the License for the specific language governing permissions and
15     limitations under the License.
16-->
17<manifest xmlns:android="http://schemas.android.com/apk/res/android"
18    package="com.android.music"
19    android:versionCode="1"
20    android:versionName="1.6-modern" >
21
22    <uses-sdk
23        android:minSdkVersion="26"
24        android:targetSdkVersion="34" />
25
26    <uses-permission android:name="android.permission.WAKE_LOCK" />
26-->src/main/AndroidManifest.xml:18:5-68
26-->src/main/AndroidManifest.xml:18:22-65
27    <uses-permission android:name="android.permission.INTERNET" />
27-->src/main/AndroidManifest.xml:19:5-67
27-->src/main/AndroidManifest.xml:19:22-64
28    <uses-permission android:name="android.permission.READ_MEDIA_AUDIO" />
28-->src/main/AndroidManifest.xml:20:5-75
28-->src/main/AndroidManifest.xml:20:22-72
29    <uses-permission
29-->src/main/AndroidManifest.xml:21:5-107
30        android:name="android.permission.READ_EXTERNAL_STORAGE"
30-->src/main/AndroidManifest.xml:21:22-77
31        android:maxSdkVersion="32" />
31-->src/main/AndroidManifest.xml:21:78-104
32    <uses-permission
32-->src/main/AndroidManifest.xml:22:5-108
33        android:name="android.permission.WRITE_EXTERNAL_STORAGE"
33-->src/main/AndroidManifest.xml:22:22-78
34        android:maxSdkVersion="28" />
34-->src/main/AndroidManifest.xml:22:79-105
35    <uses-permission android:name="android.permission.FOREGROUND_SERVICE" />
35-->src/main/AndroidManifest.xml:23:5-77
35-->src/main/AndroidManifest.xml:23:22-74
36    <uses-permission android:name="android.permission.FOREGROUND_SERVICE_MEDIA_PLAYBACK" />
36-->src/main/AndroidManifest.xml:24:5-92
36-->src/main/AndroidManifest.xml:24:22-89
37    <uses-permission android:name="android.permission.POST_NOTIFICATIONS" />
37-->src/main/AndroidManifest.xml:25:5-77
37-->src/main/AndroidManifest.xml:25:22-74
38    <uses-permission android:name="android.permission.READ_PHONE_STATE" />
38-->src/main/AndroidManifest.xml:26:5-75
38-->src/main/AndroidManifest.xml:26:22-72
39
40    <permission
40-->[androidx.core:core:1.13.1] AndroidManifest.xml:22:5-24:47
41        android:name="com.android.music.DYNAMIC_RECEIVER_NOT_EXPORTED_PERMISSION"
41-->[androidx.core:core:1.13.1] AndroidManifest.xml:23:9-81
42        android:protectionLevel="signature" />
42-->[androidx.core:core:1.13.1] AndroidManifest.xml:24:9-44
43
44    <uses-permission android:name="com.android.music.DYNAMIC_RECEIVER_NOT_EXPORTED_PERMISSION" />
44-->[androidx.core:core:1.13.1] AndroidManifest.xml:26:5-97
44-->[androidx.core:core:1.13.1] AndroidManifest.xml:26:22-94
45
46    <application
46-->src/main/AndroidManifest.xml:28:5-230:19
47        android:allowTaskReparenting="true"
47-->src/main/AndroidManifest.xml:31:9-44
48        android:appComponentFactory="androidx.core.app.CoreComponentFactory"
48-->[androidx.core:core:1.13.1] AndroidManifest.xml:28:18-86
49        android:debuggable="true"
50        android:extractNativeLibs="false"
51        android:icon="@drawable/app_music"
51-->src/main/AndroidManifest.xml:28:18-52
52        android:label="@string/musicbrowserlabel"
52-->src/main/AndroidManifest.xml:29:9-50
53        android:taskAffinity="android.task.music" >
53-->src/main/AndroidManifest.xml:30:9-50
54        <activity
54-->src/main/AndroidManifest.xml:32:9-42:19
55            android:name="com.android.music.MusicBrowserActivity"
55-->src/main/AndroidManifest.xml:32:19-54
56            android:exported="true" >
56-->src/main/AndroidManifest.xml:32:55-78
57            <intent-filter>
57-->src/main/AndroidManifest.xml:33:13-37:29
58                <action android:name="android.intent.action.MAIN" />
58-->src/main/AndroidManifest.xml:34:17-69
58-->src/main/AndroidManifest.xml:34:25-66
59
60                <category android:name="android.intent.category.DEFAULT" />
60-->src/main/AndroidManifest.xml:35:17-76
60-->src/main/AndroidManifest.xml:35:27-73
61                <category android:name="android.intent.category.LAUNCHER" />
61-->src/main/AndroidManifest.xml:36:17-77
61-->src/main/AndroidManifest.xml:36:27-74
62            </intent-filter>
63
64            <meta-data
64-->src/main/AndroidManifest.xml:38:14-41:16
65                android:name="android.app.default_searchable"
65-->src/main/AndroidManifest.xml:39:17-62
66                android:value=".QueryBrowserActivity" />
66-->src/main/AndroidManifest.xml:40:17-54
67        </activity>
68
69        <receiver
69-->src/main/AndroidManifest.xml:43:9-48:20
70            android:name="com.android.music.MediaButtonIntentReceiver"
70-->src/main/AndroidManifest.xml:43:19-59
71            android:exported="true" >
71-->src/main/AndroidManifest.xml:43:60-83
72            <intent-filter>
72-->src/main/AndroidManifest.xml:44:13-47:29
73                <action android:name="android.intent.action.MEDIA_BUTTON" />
73-->src/main/AndroidManifest.xml:45:17-77
73-->src/main/AndroidManifest.xml:45:25-74
74                <action android:name="android.media.AUDIO_BECOMING_NOISY" />
74-->src/main/AndroidManifest.xml:46:17-77
74-->src/main/AndroidManifest.xml:46:25-74
75            </intent-filter>
76        </receiver>
77        <!--
78             This is the "current music playing" panel, which has special
79             launch behavior.  We clear its task affinity, so it will not
80             be associated with the main media task and if launched
81             from a notification will not bring the rest of the media app
82             to the foreground.  We make it singleTask so that when others
83             launch it (such as media) we will launch in to our own task.
84             We set clearTaskOnLaunch because the user
85             can go to a playlist from this activity, so if they later return
86             to it we want it back in its initial state.  We exclude from
87             recents since this is accessible through a notification when
88             appropriate.
89        -->
90        <activity
90-->src/main/AndroidManifest.xml:60:9-82:20
91            android:name="com.android.music.MediaPlaybackActivity"
91-->src/main/AndroidManifest.xml:60:19-55
92            android:clearTaskOnLaunch="true"
92-->src/main/AndroidManifest.xml:65:17-49
93            android:excludeFromRecents="true"
93-->src/main/AndroidManifest.xml:66:17-50
94            android:exported="true"
94-->src/main/AndroidManifest.xml:67:17-40
95            android:label="@string/mediaplaybacklabel"
95-->src/main/AndroidManifest.xml:62:17-59
96            android:launchMode="singleTask"
96-->src/main/AndroidManifest.xml:64:17-48
97            android:taskAffinity=""
97-->src/main/AndroidManifest.xml:63:17-40
98            android:theme="@android:style/Theme.NoTitleBar" >
98-->src/main/AndroidManifest.xml:61:17-64
99            <intent-filter>
99-->src/main/AndroidManifest.xml:68:13-77:29
100                <action android:name="android.intent.action.VIEW" />
100-->src/main/AndroidManifest.xml:69:17-69
100-->src/main/AndroidManifest.xml:69:25-66
101
102                <category android:name="android.intent.category.DEFAULT" />
102-->src/main/AndroidManifest.xml:35:17-76
102-->src/main/AndroidManifest.xml:35:27-73
103
104                <data android:scheme="content" />
104-->src/main/AndroidManifest.xml:71:17-49
104-->src/main/AndroidManifest.xml:71:23-47
105                <data android:scheme="file" />
105-->src/main/AndroidManifest.xml:71:17-49
105-->src/main/AndroidManifest.xml:71:23-47
106                <data android:mimeType="audio/*" />
106-->src/main/AndroidManifest.xml:71:17-49
106-->src/main/AndroidManifest.xml:73:23-49
107                <data android:mimeType="application/ogg" />
107-->src/main/AndroidManifest.xml:71:17-49
107-->src/main/AndroidManifest.xml:73:23-49
108                <data android:mimeType="application/x-ogg" />
108-->src/main/AndroidManifest.xml:71:17-49
108-->src/main/AndroidManifest.xml:73:23-49
109                <data android:mimeType="application/itunes" />
109-->src/main/AndroidManifest.xml:71:17-49
109-->src/main/AndroidManifest.xml:73:23-49
110            </intent-filter>
111            <intent-filter>
111-->src/main/AndroidManifest.xml:78:13-81:29
112                <action android:name="com.android.music.PLAYBACK_VIEWER" />
112-->src/main/AndroidManifest.xml:79:17-76
112-->src/main/AndroidManifest.xml:79:25-73
113
114                <category android:name="android.intent.category.DEFAULT" />
114-->src/main/AndroidManifest.xml:35:17-76
114-->src/main/AndroidManifest.xml:35:27-73
115            </intent-filter>
116        </activity>
117        <activity
117-->src/main/AndroidManifest.xml:83:9-95:20
118            android:name="com.android.music.StreamStarter"
118-->src/main/AndroidManifest.xml:83:19-47
119            android:exported="true"
119-->src/main/AndroidManifest.xml:83:92-115
120            android:theme="@android:style/Theme.Dialog" >
120-->src/main/AndroidManifest.xml:83:48-91
121            <intent-filter>
121-->src/main/AndroidManifest.xml:84:13-94:29
122                <action android:name="android.intent.action.VIEW" />
122-->src/main/AndroidManifest.xml:69:17-69
122-->src/main/AndroidManifest.xml:69:25-66
123
124                <category android:name="android.intent.category.DEFAULT" />
124-->src/main/AndroidManifest.xml:35:17-76
124-->src/main/AndroidManifest.xml:35:27-73
125                <category android:name="android.intent.category.BROWSABLE" />
125-->src/main/AndroidManifest.xml:87:17-78
125-->src/main/AndroidManifest.xml:87:27-75
126
127                <data android:scheme="http" />
127-->src/main/AndroidManifest.xml:71:17-49
127-->src/main/AndroidManifest.xml:71:23-47
128                <data android:mimeType="audio/mp3" />
128-->src/main/AndroidManifest.xml:71:17-49
128-->src/main/AndroidManifest.xml:73:23-49
129                <data android:mimeType="audio/x-mp3" />
129-->src/main/AndroidManifest.xml:71:17-49
129-->src/main/AndroidManifest.xml:73:23-49
130                <data android:mimeType="audio/mpeg" />
130-->src/main/AndroidManifest.xml:71:17-49
130-->src/main/AndroidManifest.xml:73:23-49
131                <data android:mimeType="audio/mp4" />
131-->src/main/AndroidManifest.xml:71:17-49
131-->src/main/AndroidManifest.xml:73:23-49
132                <data android:mimeType="audio/mp4a-latm" />
132-->src/main/AndroidManifest.xml:71:17-49
132-->src/main/AndroidManifest.xml:73:23-49
133            </intent-filter>
134        </activity>
135        <activity
135-->src/main/AndroidManifest.xml:96:9-102:20
136            android:name="com.android.music.ArtistAlbumBrowserActivity"
136-->src/main/AndroidManifest.xml:96:19-60
137            android:exported="true" >
137-->src/main/AndroidManifest.xml:96:61-84
138            <intent-filter>
138-->src/main/AndroidManifest.xml:97:13-101:29
139                <action android:name="android.intent.action.PICK" />
139-->src/main/AndroidManifest.xml:98:17-69
139-->src/main/AndroidManifest.xml:98:25-66
140
141                <category android:name="android.intent.category.DEFAULT" />
141-->src/main/AndroidManifest.xml:35:17-76
141-->src/main/AndroidManifest.xml:35:27-73
142
143                <data android:mimeType="vnd.android.cursor.dir/artistalbum" />
143-->src/main/AndroidManifest.xml:71:17-49
143-->src/main/AndroidManifest.xml:73:23-49
144            </intent-filter>
145        </activity>
146        <activity
146-->src/main/AndroidManifest.xml:103:9-109:20
147            android:name="com.android.music.AlbumBrowserActivity"
147-->src/main/AndroidManifest.xml:103:19-54
148            android:exported="true" >
148-->src/main/AndroidManifest.xml:103:55-78
149            <intent-filter>
149-->src/main/AndroidManifest.xml:104:13-108:29
150                <action android:name="android.intent.action.PICK" />
150-->src/main/AndroidManifest.xml:98:17-69
150-->src/main/AndroidManifest.xml:98:25-66
151
152                <category android:name="android.intent.category.DEFAULT" />
152-->src/main/AndroidManifest.xml:35:17-76
152-->src/main/AndroidManifest.xml:35:27-73
153
154                <data android:mimeType="vnd.android.cursor.dir/album" />
154-->src/main/AndroidManifest.xml:71:17-49
154-->src/main/AndroidManifest.xml:73:23-49
155            </intent-filter>
156        </activity>
157        <activity
157-->src/main/AndroidManifest.xml:110:9-117:20
158            android:name="com.android.music.TrackBrowserActivity"
158-->src/main/AndroidManifest.xml:110:19-54
159            android:exported="true" >
159-->src/main/AndroidManifest.xml:110:55-78
160            <intent-filter>
160-->src/main/AndroidManifest.xml:111:13-116:29
161                <action android:name="android.intent.action.EDIT" />
161-->src/main/AndroidManifest.xml:112:17-69
161-->src/main/AndroidManifest.xml:112:25-66
162                <action android:name="android.intent.action.PICK" />
162-->src/main/AndroidManifest.xml:98:17-69
162-->src/main/AndroidManifest.xml:98:25-66
163
164                <category android:name="android.intent.category.DEFAULT" />
164-->src/main/AndroidManifest.xml:35:17-76
164-->src/main/AndroidManifest.xml:35:27-73
165
166                <data android:mimeType="vnd.android.cursor.dir/track" />
166-->src/main/AndroidManifest.xml:71:17-49
166-->src/main/AndroidManifest.xml:73:23-49
167            </intent-filter>
168        </activity>
169        <activity
169-->src/main/AndroidManifest.xml:118:9-129:20
170            android:name="com.android.music.QueryBrowserActivity"
170-->src/main/AndroidManifest.xml:118:19-54
171            android:exported="true"
171-->src/main/AndroidManifest.xml:120:17-40
172            android:theme="@android:style/Theme.NoTitleBar" >
172-->src/main/AndroidManifest.xml:119:17-64
173            <intent-filter>
173-->src/main/AndroidManifest.xml:121:13-124:29
174                <action android:name="android.intent.action.SEARCH" />
174-->src/main/AndroidManifest.xml:122:17-71
174-->src/main/AndroidManifest.xml:122:25-68
175
176                <category android:name="android.intent.category.DEFAULT" />
176-->src/main/AndroidManifest.xml:35:17-76
176-->src/main/AndroidManifest.xml:35:27-73
177            </intent-filter>
178
179            <meta-data
179-->src/main/AndroidManifest.xml:125:13-128:15
180                android:name="android.app.searchable"
180-->src/main/AndroidManifest.xml:126:17-54
181                android:resource="@xml/searchable" />
181-->src/main/AndroidManifest.xml:127:17-51
182        </activity>
183        <activity
183-->src/main/AndroidManifest.xml:130:9-141:20
184            android:name="com.android.music.PlaylistBrowserActivity"
184-->src/main/AndroidManifest.xml:130:19-57
185            android:exported="true"
185-->src/main/AndroidManifest.xml:130:100-123
186            android:label="@string/musicbrowserlabel" >
186-->src/main/AndroidManifest.xml:130:58-99
187            <intent-filter>
187-->src/main/AndroidManifest.xml:131:13-135:29
188                <action android:name="android.intent.action.PICK" />
188-->src/main/AndroidManifest.xml:98:17-69
188-->src/main/AndroidManifest.xml:98:25-66
189
190                <category android:name="android.intent.category.DEFAULT" />
190-->src/main/AndroidManifest.xml:35:17-76
190-->src/main/AndroidManifest.xml:35:27-73
191
192                <data android:mimeType="vnd.android.cursor.dir/playlist" />
192-->src/main/AndroidManifest.xml:71:17-49
192-->src/main/AndroidManifest.xml:73:23-49
193            </intent-filter>
194            <intent-filter>
194-->src/main/AndroidManifest.xml:136:13-140:29
195                <action android:name="android.intent.action.VIEW" />
195-->src/main/AndroidManifest.xml:69:17-69
195-->src/main/AndroidManifest.xml:69:25-66
196
197                <category android:name="android.intent.category.DEFAULT" />
197-->src/main/AndroidManifest.xml:35:17-76
197-->src/main/AndroidManifest.xml:35:27-73
198
199                <data android:mimeType="vnd.android.cursor.dir/playlist" />
199-->src/main/AndroidManifest.xml:71:17-49
199-->src/main/AndroidManifest.xml:73:23-49
200            </intent-filter>
201        </activity>
202
203        <activity-alias
203-->src/main/AndroidManifest.xml:142:9-153:26
204            android:name="com.android.music.PlaylistShortcutActivity"
204-->src/main/AndroidManifest.xml:142:25-64
205            android:exported="true"
205-->src/main/AndroidManifest.xml:146:13-36
206            android:icon="@drawable/ic_launcher_shortcut_music_playlist"
206-->src/main/AndroidManifest.xml:145:13-73
207            android:label="@string/musicshortcutlabel"
207-->src/main/AndroidManifest.xml:144:13-55
208            android:targetActivity="com.android.music.PlaylistBrowserActivity" >
208-->src/main/AndroidManifest.xml:143:13-61
209            <intent-filter>
209-->src/main/AndroidManifest.xml:148:13-151:29
210                <action android:name="android.intent.action.CREATE_SHORTCUT" />
210-->src/main/AndroidManifest.xml:149:17-80
210-->src/main/AndroidManifest.xml:149:25-77
211
212                <category android:name="android.intent.category.DEFAULT" />
212-->src/main/AndroidManifest.xml:35:17-76
212-->src/main/AndroidManifest.xml:35:27-73
213            </intent-filter>
214        </activity-alias>
215
216        <activity
216-->src/main/AndroidManifest.xml:154:9-171:20
217            android:name="com.android.music.VideoBrowserActivity"
217-->src/main/AndroidManifest.xml:154:19-54
218            android:exported="true"
218-->src/main/AndroidManifest.xml:158:13-36
219            android:icon="@drawable/app_video"
219-->src/main/AndroidManifest.xml:157:13-47
220            android:label="@string/videobrowserlabel"
220-->src/main/AndroidManifest.xml:156:13-54
221            android:taskAffinity="android.task.video" >
221-->src/main/AndroidManifest.xml:155:13-54
222            <intent-filter>
222-->src/main/AndroidManifest.xml:159:13-163:29
223                <action android:name="android.intent.action.PICK" />
223-->src/main/AndroidManifest.xml:98:17-69
223-->src/main/AndroidManifest.xml:98:25-66
224
225                <category android:name="android.intent.category.DEFAULT" />
225-->src/main/AndroidManifest.xml:35:17-76
225-->src/main/AndroidManifest.xml:35:27-73
226
227                <data android:mimeType="vnd.android.cursor.dir/video" />
227-->src/main/AndroidManifest.xml:71:17-49
227-->src/main/AndroidManifest.xml:73:23-49
228            </intent-filter>
229            <!--
230            <intent-filter>
231                <action android:name="android.intent.action.MAIN" />
232                <category android:name="android.intent.category.DEFAULT" />
233                <category android:name="android.intent.category.LAUNCHER" />
234            </intent-filter>
235            -->
236        </activity>
237        <activity
237-->src/main/AndroidManifest.xml:172:9-194:20
238            android:name="com.android.music.MediaPickerActivity"
238-->src/main/AndroidManifest.xml:172:19-53
239            android:exported="false"
239-->src/main/AndroidManifest.xml:172:95-119
240            android:label="@string/mediapickerlabel" >
240-->src/main/AndroidManifest.xml:172:54-94
241
242            <!--
243            <intent-filter>
244                <action android:name="android.intent.action.PICK" />
245                <category android:name="android.intent.category.DEFAULT" />
246                <data android:mimeType="media/*"/>
247                <data android:mimeType="audio/*"/>
248                <data android:mimeType="application/ogg"/>
249                <data android:mimeType="application/x-ogg"/>
250                <data android:mimeType="video/*"/>
251            </intent-filter>
252            <intent-filter>
253                <action android:name="android.intent.action.GET_CONTENT" />
254                <category android:name="android.intent.category.DEFAULT" />
255                <category android:name="android.intent.category.OPENABLE" />
256                <data android:mimeType="media/*"/>
257                <data android:mimeType="audio/*"/>
258                <data android:mimeType="application/ogg"/>
259                <data android:mimeType="application/x-ogg"/>
260                <data android:mimeType="video/*"/>
261            </intent-filter>
262            -->
263        </activity>
264        <activity
264-->src/main/AndroidManifest.xml:195:9-214:20
265            android:name="com.android.music.MusicPicker"
265-->src/main/AndroidManifest.xml:195:19-45
266            android:exported="true"
266-->src/main/AndroidManifest.xml:195:89-112
267            android:label="@string/music_picker_title" >
267-->src/main/AndroidManifest.xml:195:46-88
268
269            <!--
270                 First way to invoke us: someone asks to get content of
271                 any of the audio types we support.
272            -->
273            <intent-filter>
273-->src/main/AndroidManifest.xml:198:13-205:29
274                <action android:name="android.intent.action.GET_CONTENT" />
274-->src/main/AndroidManifest.xml:199:17-76
274-->src/main/AndroidManifest.xml:199:25-73
275
276                <category android:name="android.intent.category.DEFAULT" />
276-->src/main/AndroidManifest.xml:35:17-76
276-->src/main/AndroidManifest.xml:35:27-73
277                <category android:name="android.intent.category.OPENABLE" />
277-->src/main/AndroidManifest.xml:201:17-77
277-->src/main/AndroidManifest.xml:201:27-74
278
279                <data android:mimeType="audio/*" />
279-->src/main/AndroidManifest.xml:71:17-49
279-->src/main/AndroidManifest.xml:73:23-49
280                <data android:mimeType="application/ogg" />
280-->src/main/AndroidManifest.xml:71:17-49
280-->src/main/AndroidManifest.xml:73:23-49
281                <data android:mimeType="application/x-ogg" />
281-->src/main/AndroidManifest.xml:71:17-49
281-->src/main/AndroidManifest.xml:73:23-49
282            </intent-filter>
283            <!--
284                 Second way to invoke us: someone asks to pick an item from
285                 some media Uri.
286            -->
287            <intent-filter>
287-->src/main/AndroidManifest.xml:208:13-213:29
288                <action android:name="android.intent.action.PICK" />
288-->src/main/AndroidManifest.xml:98:17-69
288-->src/main/AndroidManifest.xml:98:25-66
289
290                <category android:name="android.intent.category.DEFAULT" />
290-->src/main/AndroidManifest.xml:35:17-76
290-->src/main/AndroidManifest.xml:35:27-73
291                <category android:name="android.intent.category.OPENABLE" />
291-->src/main/AndroidManifest.xml:201:17-77
291-->src/main/AndroidManifest.xml:201:27-74
292
293                <data android:mimeType="vnd.android.cursor.dir/audio" />
293-->src/main/AndroidManifest.xml:71:17-49
293-->src/main/AndroidManifest.xml:73:23-49
294            </intent-filter>
295        </activity>
296        <activity
296-->src/main/AndroidManifest.xml:215:9-120
297            android:name="com.android.music.CreatePlaylist"
297-->src/main/AndroidManifest.xml:215:19-48
298            android:exported="false"
298-->src/main/AndroidManifest.xml:215:93-117
299            android:theme="@android:style/Theme.Dialog" />
299-->src/main/AndroidManifest.xml:215:49-92
300        <activity
300-->src/main/AndroidManifest.xml:216:9-120
301            android:name="com.android.music.RenamePlaylist"
301-->src/main/AndroidManifest.xml:216:19-48
302            android:exported="false"
302-->src/main/AndroidManifest.xml:216:93-117
303            android:theme="@android:style/Theme.Dialog" />
303-->src/main/AndroidManifest.xml:216:49-92
304        <activity
304-->src/main/AndroidManifest.xml:217:9-118
305            android:name="com.android.music.WeekSelector"
305-->src/main/AndroidManifest.xml:217:19-46
306            android:exported="false"
306-->src/main/AndroidManifest.xml:217:91-115
307            android:theme="@android:style/Theme.Dialog" />
307-->src/main/AndroidManifest.xml:217:47-90
308        <activity
308-->src/main/AndroidManifest.xml:218:9-117
309            android:name="com.android.music.DeleteItems"
309-->src/main/AndroidManifest.xml:218:19-45
310            android:exported="false"
310-->src/main/AndroidManifest.xml:218:90-114
311            android:theme="@android:style/Theme.Dialog" />
311-->src/main/AndroidManifest.xml:218:46-89
312        <activity
312-->src/main/AndroidManifest.xml:219:9-122
313            android:name="com.android.music.ScanningProgress"
313-->src/main/AndroidManifest.xml:219:19-50
314            android:exported="false"
314-->src/main/AndroidManifest.xml:219:95-119
315            android:theme="@android:style/Theme.Dialog" />
315-->src/main/AndroidManifest.xml:219:51-94
316
317        <service
317-->src/main/AndroidManifest.xml:220:9-222:61
318            android:name="com.android.music.MediaPlaybackService"
318-->src/main/AndroidManifest.xml:220:18-53
319            android:exported="false"
319-->src/main/AndroidManifest.xml:221:13-37
320            android:foregroundServiceType="mediaPlayback" />
320-->src/main/AndroidManifest.xml:222:13-58
321
322        <receiver
322-->src/main/AndroidManifest.xml:224:9-229:20
323            android:name="com.android.music.MediaAppWidgetProvider"
323-->src/main/AndroidManifest.xml:224:19-56
324            android:exported="true" >
324-->src/main/AndroidManifest.xml:224:57-80
325            <intent-filter>
325-->src/main/AndroidManifest.xml:225:13-227:29
326                <action android:name="android.appwidget.action.APPWIDGET_UPDATE" />
326-->src/main/AndroidManifest.xml:226:17-84
326-->src/main/AndroidManifest.xml:226:25-81
327            </intent-filter>
328
329            <meta-data
329-->src/main/AndroidManifest.xml:228:13-107
330                android:name="android.appwidget.provider"
330-->src/main/AndroidManifest.xml:228:24-65
331                android:resource="@xml/appwidget_info" />
331-->src/main/AndroidManifest.xml:228:66-104
332        </receiver>
333
334        <provider
334-->[androidx.profileinstaller:profileinstaller:1.3.0] AndroidManifest.xml:24:9-32:20
335            android:name="androidx.startup.InitializationProvider"
335-->[androidx.profileinstaller:profileinstaller:1.3.0] AndroidManifest.xml:25:13-67
336            android:authorities="com.android.music.androidx-startup"
336-->[androidx.profileinstaller:profileinstaller:1.3.0] AndroidManifest.xml:26:13-68
337            android:exported="false" >
337-->[androidx.profileinstaller:profileinstaller:1.3.0] AndroidManifest.xml:27:13-37
338            <meta-data
338-->[androidx.profileinstaller:profileinstaller:1.3.0] AndroidManifest.xml:29:13-31:52
339                android:name="androidx.profileinstaller.ProfileInstallerInitializer"
339-->[androidx.profileinstaller:profileinstaller:1.3.0] AndroidManifest.xml:30:17-85
340                android:value="androidx.startup" />
340-->[androidx.profileinstaller:profileinstaller:1.3.0] AndroidManifest.xml:31:17-49
341        </provider>
342
343        <receiver
343-->[androidx.profileinstaller:profileinstaller:1.3.0] AndroidManifest.xml:34:9-52:20
344            android:name="androidx.profileinstaller.ProfileInstallReceiver"
344-->[androidx.profileinstaller:profileinstaller:1.3.0] AndroidManifest.xml:35:13-76
345            android:directBootAware="false"
345-->[androidx.profileinstaller:profileinstaller:1.3.0] AndroidManifest.xml:36:13-44
346            android:enabled="true"
346-->[androidx.profileinstaller:profileinstaller:1.3.0] AndroidManifest.xml:37:13-35
347            android:exported="true"
347-->[androidx.profileinstaller:profileinstaller:1.3.0] AndroidManifest.xml:38:13-36
348            android:permission="android.permission.DUMP" >
348-->[androidx.profileinstaller:profileinstaller:1.3.0] AndroidManifest.xml:39:13-57
349            <intent-filter>
349-->[androidx.profileinstaller:profileinstaller:1.3.0] AndroidManifest.xml:40:13-42:29
350                <action android:name="androidx.profileinstaller.action.INSTALL_PROFILE" />
350-->[androidx.profileinstaller:profileinstaller:1.3.0] AndroidManifest.xml:41:17-91
350-->[androidx.profileinstaller:profileinstaller:1.3.0] AndroidManifest.xml:41:25-88
351            </intent-filter>
352            <intent-filter>
352-->[androidx.profileinstaller:profileinstaller:1.3.0] AndroidManifest.xml:43:13-45:29
353                <action android:name="androidx.profileinstaller.action.SKIP_FILE" />
353-->[androidx.profileinstaller:profileinstaller:1.3.0] AndroidManifest.xml:44:17-85
353-->[androidx.profileinstaller:profileinstaller:1.3.0] AndroidManifest.xml:44:25-82
354            </intent-filter>
355            <intent-filter>
355-->[androidx.profileinstaller:profileinstaller:1.3.0] AndroidManifest.xml:46:13-48:29
356                <action android:name="androidx.profileinstaller.action.SAVE_PROFILE" />
356-->[androidx.profileinstaller:profileinstaller:1.3.0] AndroidManifest.xml:47:17-88
356-->[androidx.profileinstaller:profileinstaller:1.3.0] AndroidManifest.xml:47:25-85
357            </intent-filter>
358            <intent-filter>
358-->[androidx.profileinstaller:profileinstaller:1.3.0] AndroidManifest.xml:49:13-51:29
359                <action android:name="androidx.profileinstaller.action.BENCHMARK_OPERATION" />
359-->[androidx.profileinstaller:profileinstaller:1.3.0] AndroidManifest.xml:50:17-95
359-->[androidx.profileinstaller:profileinstaller:1.3.0] AndroidManifest.xml:50:25-92
360            </intent-filter>